<?xml version="1.0" encoding="UTF-8"?>
<!-- Generated by org.testng.reporters.JUnitReportReporter -->
<testsuite skipped="0" hostname="LAPTOP-C53MS9H4" name="RestassuredTest.Demo1Get" tests="1" failures="0" timestamp="2019-09-15T00:10:47 CEST" time="1.531" errors="0">
  <testcase name="getWeatherTest" time="1.531" classname="RestassuredTest.Demo1Get"/>
</testsuite> <!-- RestassuredTest.Demo1Get -->
