<?xml version="1.0" encoding="UTF-8"?>
<!-- Generated by org.testng.reporters.JUnitReportReporter -->
<testsuite skipped="0" hostname="LAPTOP-C53MS9H4" name="RestassuredTest.PutDemo" tests="1" failures="0" timestamp="2019-09-15T00:10:48 CEST" time="0.447" errors="0">
  <testcase name="putTest" time="0.447" classname="RestassuredTest.PutDemo"/>
</testsuite> <!-- RestassuredTest.PutDemo -->
