<?xml version="1.0" encoding="UTF-8"?>
<!-- Generated by org.testng.reporters.JUnitReportReporter -->
<testsuite skipped="0" hostname="LAPTOP-C53MS9H4" name="RestassuredTest.DeleteDemo" tests="1" failures="0" timestamp="2019-09-15T00:10:47 CEST" time="0.860" errors="0">
  <testcase name="deteleTest" time="0.860" classname="RestassuredTest.DeleteDemo"/>
</testsuite> <!-- RestassuredTest.DeleteDemo -->
