<?xml version="1.0" encoding="UTF-8"?>
<!-- Generated by org.testng.reporters.JUnitReportReporter -->
<testsuite skipped="0" hostname="LAPTOP-C53MS9H4" name="RestassuredTest.VerifyContent" tests="1" failures="0" timestamp="2019-09-15T00:10:47 CEST" time="0.400" errors="0">
  <testcase name="verifyingSingContent" time="0.400" classname="RestassuredTest.VerifyContent"/>
</testsuite> <!-- RestassuredTest.VerifyContent -->
